<?xml version="1.0" encoding="UTF-8"?>
<coverage generated="1685693356474" clover="3.2.0">
  <project timestamp="1685693356474" name="All files">
    <metrics statements="5" coveredstatements="5" conditionals="0" coveredconditionals="0" methods="1" coveredmethods="1" elements="6" coveredelements="6" complexity="0" loc="5" ncloc="5" packages="1" files="2" classes="2"/>
    <file name="counterReserveMock.js" path="C:\Users\Steven\Documents\Git_Repo\Module 2\JS-capstone-project\src\modules\__Mocks__\counterReserveMock.js">
      <metrics statements="1" coveredstatements="1" conditionals="0" coveredconditionals="0" methods="1" coveredmethods="1"/>
      <line num="1" count="4" type="stmt"/>
    </file>
    <file name="reservationsMock.js" path="C:\Users\Steven\Documents\Git_Repo\Module 2\JS-capstone-project\src\modules\__Mocks__\reservationsMock.js">
      <metrics statements="4" coveredstatements="4" conditionals="0" coveredconditionals="0" methods="0" coveredmethods="0"/>
      <line num="1" count="1" type="stmt"/>
      <line num="24" count="1" type="stmt"/>
      <line num="52" count="1" type="stmt"/>
      <line num="60" count="1" type="stmt"/>
    </file>
  </project>
</coverage>
