{"C:\\Users\\Steven\\Documents\\Git_Repo\\Module 2\\JS-capstone-project\\src\\modules\\__Mocks__\\counterReserveMock.js": {"path":"C:\\Users\\Steven\\Documents\\Git_Repo\\Module 2\\JS-capstone-project\\src\\modules\\__Mocks__\\counterReserveMock.js","statementMap":{"0":{"start":{"line":1,"column":27},"end":{"line":1,"column":48}},"1":{"start":{"line":1,"column":37},"end":{"line":1,"column":48}}},"fnMap":{"0":{"name":"(anonymous_0)","decl":{"start":{"line":1,"column":27},"end":{"line":1,"column":28}},"loc":{"start":{"line":1,"column":37},"end":{"line":1,"column":48}},"line":1}},"branchMap":{},"s":{"0":1,"1":4},"f":{"0":4},"b":{},"_coverageSchema":"1a1c01bbd47fc00a2c39e90264f33305004495a9","hash":"10b6c94ba3263c2c844f769b925e5d037602d8a1"}
,"C:\\Users\\Steven\\Documents\\Git_Repo\\Module 2\\JS-capstone-project\\src\\modules\\__Mocks__\\reservationsMock.js": {"path":"C:\\Users\\Steven\\Documents\\Git_Repo\\Module 2\\JS-capstone-project\\src\\modules\\__Mocks__\\reservationsMock.js","statementMap":{"0":{"start":{"line":1,"column":14},"end":{"line":22,"column":1}},"1":{"start":{"line":24,"column":14},"end":{"line":50,"column":1}},"2":{"start":{"line":52,"column":14},"end":{"line":58,"column":1}},"3":{"start":{"line":60,"column":14},"end":{"line":76,"column":1}}},"fnMap":{},"branchMap":{},"s":{"0":1,"1":1,"2":1,"3":1},"f":{},"b":{},"_coverageSchema":"1a1c01bbd47fc00a2c39e90264f33305004495a9","hash":"eb587f8eae2d09ef54cb046ed9b19348ab0b7e83"}
}
